c:\users\marci\desktop\repozytorium\projekty\projekty desktopowe\c_cpp\łazik\gk_bator_bosak\szescian\x64\debug\vc143.pdb
c:\users\marci\desktop\repozytorium\projekty\projekty desktopowe\c_cpp\łazik\gk_bator_bosak\szescian\x64\debug\vc143.idb
c:\users\marci\desktop\repozytorium\projekty\projekty desktopowe\c_cpp\łazik\gk_bator_bosak\szescian\x64\debug\wheel.obj
c:\users\marci\desktop\repozytorium\projekty\projekty desktopowe\c_cpp\łazik\gk_bator_bosak\szescian\x64\debug\lazik.obj
c:\users\marci\desktop\repozytorium\projekty\projekty desktopowe\c_cpp\łazik\gk_bator_bosak\szescian\x64\debug\core.obj
c:\users\marci\desktop\repozytorium\projekty\projekty desktopowe\c_cpp\łazik\gk_bator_bosak\szescian\x64\debug\axle.obj
c:\users\marci\desktop\repozytorium\projekty\projekty desktopowe\c_cpp\łazik\gk_bator_bosak\szescian\x64\debug\gl_template.obj
c:\users\marci\desktop\repozytorium\projekty\projekty desktopowe\c_cpp\łazik\gk_bator_bosak\szescian\x64\debug\handle.obj
c:\users\marci\desktop\repozytorium\projekty\projekty desktopowe\c_cpp\łazik\gk_bator_bosak\x64\debug\lazik.pdb
c:\users\marci\desktop\repozytorium\projekty\projekty desktopowe\c_cpp\łazik\gk_bator_bosak\szescian\x64\debug\lazik.tlog\cl.command.1.tlog
c:\users\marci\desktop\repozytorium\projekty\projekty desktopowe\c_cpp\łazik\gk_bator_bosak\szescian\x64\debug\lazik.tlog\cl.items.tlog
c:\users\marci\desktop\repozytorium\projekty\projekty desktopowe\c_cpp\łazik\gk_bator_bosak\szescian\x64\debug\lazik.tlog\cl.read.1.tlog
c:\users\marci\desktop\repozytorium\projekty\projekty desktopowe\c_cpp\łazik\gk_bator_bosak\szescian\x64\debug\lazik.tlog\cl.write.1.tlog
c:\users\marci\desktop\repozytorium\projekty\projekty desktopowe\c_cpp\łazik\gk_bator_bosak\szescian\x64\debug\lazik.tlog\link-cvtres.read.1.tlog
c:\users\marci\desktop\repozytorium\projekty\projekty desktopowe\c_cpp\łazik\gk_bator_bosak\szescian\x64\debug\lazik.tlog\link-cvtres.write.1.tlog
c:\users\marci\desktop\repozytorium\projekty\projekty desktopowe\c_cpp\łazik\gk_bator_bosak\szescian\x64\debug\lazik.tlog\link-rc.read.1.tlog
c:\users\marci\desktop\repozytorium\projekty\projekty desktopowe\c_cpp\łazik\gk_bator_bosak\szescian\x64\debug\lazik.tlog\link-rc.write.1.tlog
c:\users\marci\desktop\repozytorium\projekty\projekty desktopowe\c_cpp\łazik\gk_bator_bosak\szescian\x64\debug\lazik.tlog\link.20460-cvtres.read.1.tlog
c:\users\marci\desktop\repozytorium\projekty\projekty desktopowe\c_cpp\łazik\gk_bator_bosak\szescian\x64\debug\lazik.tlog\link.20460-cvtres.write.1.tlog
c:\users\marci\desktop\repozytorium\projekty\projekty desktopowe\c_cpp\łazik\gk_bator_bosak\szescian\x64\debug\lazik.tlog\link.20460-rc.read.1.tlog
c:\users\marci\desktop\repozytorium\projekty\projekty desktopowe\c_cpp\łazik\gk_bator_bosak\szescian\x64\debug\lazik.tlog\link.20460-rc.write.1.tlog
c:\users\marci\desktop\repozytorium\projekty\projekty desktopowe\c_cpp\łazik\gk_bator_bosak\szescian\x64\debug\lazik.tlog\link.20460.read.1.tlog
c:\users\marci\desktop\repozytorium\projekty\projekty desktopowe\c_cpp\łazik\gk_bator_bosak\szescian\x64\debug\lazik.tlog\link.20460.read.3.tlog
c:\users\marci\desktop\repozytorium\projekty\projekty desktopowe\c_cpp\łazik\gk_bator_bosak\szescian\x64\debug\lazik.tlog\link.20460.write.1.tlog
c:\users\marci\desktop\repozytorium\projekty\projekty desktopowe\c_cpp\łazik\gk_bator_bosak\szescian\x64\debug\lazik.tlog\link.command.1.tlog
c:\users\marci\desktop\repozytorium\projekty\projekty desktopowe\c_cpp\łazik\gk_bator_bosak\szescian\x64\debug\lazik.tlog\link.read.1.tlog
c:\users\marci\desktop\repozytorium\projekty\projekty desktopowe\c_cpp\łazik\gk_bator_bosak\szescian\x64\debug\lazik.tlog\link.read.2.tlog
c:\users\marci\desktop\repozytorium\projekty\projekty desktopowe\c_cpp\łazik\gk_bator_bosak\szescian\x64\debug\lazik.tlog\link.read.3.tlog
c:\users\marci\desktop\repozytorium\projekty\projekty desktopowe\c_cpp\łazik\gk_bator_bosak\szescian\x64\debug\lazik.tlog\link.write.1.tlog
