c:\users\marci\desktop\repozytorium\projekty\projekty desktopowe\c_cpp\łazik\gk_bator_bosak\szescian\x64\release\vc143.pdb
c:\users\marci\desktop\repozytorium\projekty\projekty desktopowe\c_cpp\łazik\gk_bator_bosak\szescian\x64\release\wheel.obj
c:\users\marci\desktop\repozytorium\projekty\projekty desktopowe\c_cpp\łazik\gk_bator_bosak\szescian\x64\release\wall.obj
c:\users\marci\desktop\repozytorium\projekty\projekty desktopowe\c_cpp\łazik\gk_bator_bosak\szescian\x64\release\terrain.obj
c:\users\marci\desktop\repozytorium\projekty\projekty desktopowe\c_cpp\łazik\gk_bator_bosak\szescian\x64\release\loader.obj
c:\users\marci\desktop\repozytorium\projekty\projekty desktopowe\c_cpp\łazik\gk_bator_bosak\szescian\x64\release\lazik.obj
c:\users\marci\desktop\repozytorium\projekty\projekty desktopowe\c_cpp\łazik\gk_bator_bosak\szescian\x64\release\handle.obj
c:\users\marci\desktop\repozytorium\projekty\projekty desktopowe\c_cpp\łazik\gk_bator_bosak\szescian\x64\release\axle.obj
c:\users\marci\desktop\repozytorium\projekty\projekty desktopowe\c_cpp\łazik\gk_bator_bosak\szescian\x64\release\gl_template.obj
c:\users\marci\desktop\repozytorium\projekty\projekty desktopowe\c_cpp\łazik\gk_bator_bosak\x64\release\lazik.exe
c:\users\marci\desktop\repozytorium\projekty\projekty desktopowe\c_cpp\łazik\gk_bator_bosak\szescian\x64\release\lazik.ipdb
c:\users\marci\desktop\repozytorium\projekty\projekty desktopowe\c_cpp\łazik\gk_bator_bosak\x64\release\lazik.pdb
c:\users\marci\desktop\repozytorium\projekty\projekty desktopowe\c_cpp\łazik\gk_bator_bosak\szescian\x64\release\lazik.iobj
c:\users\marci\desktop\repozytorium\projekty\projekty desktopowe\c_cpp\łazik\gk_bator_bosak\szescian\x64\release\core.obj
c:\users\marci\desktop\repozytorium\projekty\projekty desktopowe\c_cpp\łazik\gk_bator_bosak\szescian\x64\release\reflector.obj
c:\users\marci\desktop\repozytorium\projekty\projekty desktopowe\c_cpp\łazik\gk_bator_bosak\szescian\x64\release\lazik.tlog\cl.command.1.tlog
c:\users\marci\desktop\repozytorium\projekty\projekty desktopowe\c_cpp\łazik\gk_bator_bosak\szescian\x64\release\lazik.tlog\cl.items.tlog
c:\users\marci\desktop\repozytorium\projekty\projekty desktopowe\c_cpp\łazik\gk_bator_bosak\szescian\x64\release\lazik.tlog\cl.read.1.tlog
c:\users\marci\desktop\repozytorium\projekty\projekty desktopowe\c_cpp\łazik\gk_bator_bosak\szescian\x64\release\lazik.tlog\cl.write.1.tlog
c:\users\marci\desktop\repozytorium\projekty\projekty desktopowe\c_cpp\łazik\gk_bator_bosak\szescian\x64\release\lazik.tlog\link.command.1.tlog
c:\users\marci\desktop\repozytorium\projekty\projekty desktopowe\c_cpp\łazik\gk_bator_bosak\szescian\x64\release\lazik.tlog\link.read.1.tlog
c:\users\marci\desktop\repozytorium\projekty\projekty desktopowe\c_cpp\łazik\gk_bator_bosak\szescian\x64\release\lazik.tlog\link.write.1.tlog
